[11.753s] Invoking command in '/home/milo/project_parts/MILO-Mobile-Indoor-Localization-Observer-/ros2_ws/build/arduino_drive': PYTHONPATH=/home/milo/project_parts/MILO-Mobile-Indoor-Localization-Observer-/ros2_ws/build/arduino_drive/prefix_override:/usr/lib/python3/dist-packages/colcon_core/task/python/colcon_distutils_commands:/home/milo/project_parts/MILO-Mobile-Indoor-Localization-Observer-/ros2_ws/install/arduino_drive/lib/python3.10/site-packages:${PYTHONPATH} /usr/bin/python3 -W ignore:setup.py install is deprecated -W ignore:easy_install command is deprecated setup.py develop --editable --build-directory /home/milo/project_parts/MILO-Mobile-Indoor-Localization-Observer-/ros2_ws/build/arduino_drive/build --no-deps symlink_data
[14.713s] /usr/lib/python3.10/distutils/dist.py:274: UserWarning: Unknown distribution option: 'test_require'
[14.714s]   warnings.warn(msg)
[15.009s] running develop
[17.333s] running egg_info
[17.336s] creating arduino_drive.egg-info
[17.338s] writing arduino_drive.egg-info/PKG-INFO
[17.340s] writing dependency_links to arduino_drive.egg-info/dependency_links.txt
[17.342s] writing entry points to arduino_drive.egg-info/entry_points.txt
[17.343s] writing requirements to arduino_drive.egg-info/requires.txt
[17.344s] writing top-level names to arduino_drive.egg-info/top_level.txt
[17.366s] writing manifest file 'arduino_drive.egg-info/SOURCES.txt'
[17.369s] reading manifest file 'arduino_drive.egg-info/SOURCES.txt'
[17.370s] writing manifest file 'arduino_drive.egg-info/SOURCES.txt'
[17.378s] running build_ext
[17.379s] Creating /home/milo/project_parts/MILO-Mobile-Indoor-Localization-Observer-/ros2_ws/install/arduino_drive/lib/python3.10/site-packages/arduino-drive.egg-link (link to .)
[17.386s] Installing drive_action_client script to /home/milo/project_parts/MILO-Mobile-Indoor-Localization-Observer-/ros2_ws/install/arduino_drive/lib/arduino_drive
[17.389s] Installing drive_action_server script to /home/milo/project_parts/MILO-Mobile-Indoor-Localization-Observer-/ros2_ws/install/arduino_drive/lib/arduino_drive
[17.397s] 
[17.408s] Installed /home/milo/project_parts/MILO-Mobile-Indoor-Localization-Observer-/ros2_ws/build/arduino_drive
[17.410s] running symlink_data
[17.423s] creating /home/milo/project_parts/MILO-Mobile-Indoor-Localization-Observer-/ros2_ws/install/arduino_drive/share/ament_index
[17.428s] creating /home/milo/project_parts/MILO-Mobile-Indoor-Localization-Observer-/ros2_ws/install/arduino_drive/share/ament_index/resource_index
[17.429s] creating /home/milo/project_parts/MILO-Mobile-Indoor-Localization-Observer-/ros2_ws/install/arduino_drive/share/ament_index/resource_index/packages
[17.433s] symbolically linking /home/milo/project_parts/MILO-Mobile-Indoor-Localization-Observer-/ros2_ws/build/arduino_drive/resource/arduino_drive -> /home/milo/project_parts/MILO-Mobile-Indoor-Localization-Observer-/ros2_ws/install/arduino_drive/share/ament_index/resource_index/packages
[17.436s] symbolically linking /home/milo/project_parts/MILO-Mobile-Indoor-Localization-Observer-/ros2_ws/build/arduino_drive/package.xml -> /home/milo/project_parts/MILO-Mobile-Indoor-Localization-Observer-/ros2_ws/install/arduino_drive/share/arduino_drive
[17.963s] Invoked command in '/home/milo/project_parts/MILO-Mobile-Indoor-Localization-Observer-/ros2_ws/build/arduino_drive' returned '0': PYTHONPATH=/home/milo/project_parts/MILO-Mobile-Indoor-Localization-Observer-/ros2_ws/build/arduino_drive/prefix_override:/usr/lib/python3/dist-packages/colcon_core/task/python/colcon_distutils_commands:/home/milo/project_parts/MILO-Mobile-Indoor-Localization-Observer-/ros2_ws/install/arduino_drive/lib/python3.10/site-packages:${PYTHONPATH} /usr/bin/python3 -W ignore:setup.py install is deprecated -W ignore:easy_install command is deprecated setup.py develop --editable --build-directory /home/milo/project_parts/MILO-Mobile-Indoor-Localization-Observer-/ros2_ws/build/arduino_drive/build --no-deps symlink_data
