[1.733s] DEBUG:colcon:Command line arguments: ['/usr/bin/colcon', 'build', '--symlink-install']
[1.733s] DEBUG:colcon:Parsed command line arguments: Namespace(log_base=None, log_level=None, verb_name='build', build_base='build', install_base='install', merge_install=False, symlink_install=True, test_result_base=None, continue_on_error=False, executor='parallel', parallel_workers=4, event_handlers=None, ignore_user_meta=False, metas=['./colcon.meta'], base_paths=['.'], packages_ignore=None, packages_ignore_regex=None, paths=None, packages_up_to=None, packages_up_to_regex=None, packages_above=None, packages_above_and_dependencies=None, packages_above_depth=None, packages_select_by_dep=None, packages_skip_by_dep=None, packages_skip_up_to=None, packages_select_build_failed=False, packages_skip_build_finished=False, packages_select_test_failures=False, packages_skip_test_passed=False, packages_select=None, packages_skip=None, packages_select_regex=None, packages_skip_regex=None, packages_start=None, packages_end=None, allow_overriding=[], cmake_args=None, cmake_target=None, cmake_target_skip_unavailable=False, cmake_clean_cache=False, cmake_clean_first=False, cmake_force_configure=False, ament_cmake_args=None, catkin_cmake_args=None, catkin_skip_building_tests=False, verb_parser=<colcon_defaults.argument_parser.defaults.DefaultArgumentsDecorator object at 0xffffa1a02fe0>, verb_extension=<colcon_core.verb.build.BuildVerb object at 0xffffa1b3c370>, main=<bound method BuildVerb.main of <colcon_core.verb.build.BuildVerb object at 0xffffa1b3c370>>)
[5.156s] Level 1:colcon.colcon_core.package_discovery:discover_packages(colcon_meta) check parameters
[5.157s] Level 1:colcon.colcon_core.package_discovery:discover_packages(recursive) check parameters
[5.157s] Level 1:colcon.colcon_core.package_discovery:discover_packages(ignore) check parameters
[5.158s] Level 1:colcon.colcon_core.package_discovery:discover_packages(path) check parameters
[5.159s] Level 1:colcon.colcon_core.package_discovery:discover_packages(colcon_meta) discover
[5.159s] Level 1:colcon.colcon_core.package_discovery:discover_packages(recursive) discover
[5.160s] INFO:colcon.colcon_core.package_discovery:Crawling recursively for packages in '/home/milo/project_parts/MILO-Mobile-Indoor-Localization-Observer-/ros2_ws'
[5.161s] Level 1:colcon.colcon_core.package_identification:_identify(.) by extensions ['ignore', 'ignore_ament_install']
[5.162s] Level 1:colcon.colcon_core.package_identification:_identify(.) by extension 'ignore'
[5.163s] Level 1:colcon.colcon_core.package_identification:_identify(.) by extension 'ignore_ament_install'
[5.163s] Level 1:colcon.colcon_core.package_identification:_identify(.) by extensions ['colcon_pkg']
[5.164s] Level 1:colcon.colcon_core.package_identification:_identify(.) by extension 'colcon_pkg'
[5.165s] Level 1:colcon.colcon_core.package_identification:_identify(.) by extensions ['colcon_meta']
[5.165s] Level 1:colcon.colcon_core.package_identification:_identify(.) by extension 'colcon_meta'
[5.166s] Level 1:colcon.colcon_core.package_identification:_identify(.) by extensions ['ros']
[5.166s] Level 1:colcon.colcon_core.package_identification:_identify(.) by extension 'ros'
[5.355s] Level 1:colcon.colcon_core.package_identification:_identify(.) by extensions ['cmake', 'python']
[5.356s] Level 1:colcon.colcon_core.package_identification:_identify(.) by extension 'cmake'
[5.356s] Level 1:colcon.colcon_core.package_identification:_identify(.) by extension 'python'
[5.357s] Level 1:colcon.colcon_core.package_identification:_identify(.) by extensions ['python_setup_py']
[5.357s] Level 1:colcon.colcon_core.package_identification:_identify(.) by extension 'python_setup_py'
[5.358s] Level 1:colcon.colcon_core.package_identification:_identify(build) by extensions ['ignore', 'ignore_ament_install']
[5.359s] Level 1:colcon.colcon_core.package_identification:_identify(build) by extension 'ignore'
[5.360s] Level 1:colcon.colcon_core.package_identification:_identify(build) ignored
[5.362s] Level 1:colcon.colcon_core.package_identification:_identify(install) by extensions ['ignore', 'ignore_ament_install']
[5.363s] Level 1:colcon.colcon_core.package_identification:_identify(install) by extension 'ignore'
[5.363s] Level 1:colcon.colcon_core.package_identification:_identify(install) ignored
[5.365s] Level 1:colcon.colcon_core.package_identification:_identify(log) by extensions ['ignore', 'ignore_ament_install']
[5.366s] Level 1:colcon.colcon_core.package_identification:_identify(log) by extension 'ignore'
[5.366s] Level 1:colcon.colcon_core.package_identification:_identify(log) ignored
[5.368s] Level 1:colcon.colcon_core.package_identification:_identify(src) by extensions ['ignore', 'ignore_ament_install']
[5.369s] Level 1:colcon.colcon_core.package_identification:_identify(src) by extension 'ignore'
[5.370s] Level 1:colcon.colcon_core.package_identification:_identify(src) by extension 'ignore_ament_install'
[5.371s] Level 1:colcon.colcon_core.package_identification:_identify(src) by extensions ['colcon_pkg']
[5.371s] Level 1:colcon.colcon_core.package_identification:_identify(src) by extension 'colcon_pkg'
[5.372s] Level 1:colcon.colcon_core.package_identification:_identify(src) by extensions ['colcon_meta']
[5.372s] Level 1:colcon.colcon_core.package_identification:_identify(src) by extension 'colcon_meta'
[5.373s] Level 1:colcon.colcon_core.package_identification:_identify(src) by extensions ['ros']
[5.373s] Level 1:colcon.colcon_core.package_identification:_identify(src) by extension 'ros'
[5.375s] Level 1:colcon.colcon_core.package_identification:_identify(src) by extensions ['cmake', 'python']
[5.375s] Level 1:colcon.colcon_core.package_identification:_identify(src) by extension 'cmake'
[5.376s] Level 1:colcon.colcon_core.package_identification:_identify(src) by extension 'python'
[5.376s] Level 1:colcon.colcon_core.package_identification:_identify(src) by extensions ['python_setup_py']
[5.377s] Level 1:colcon.colcon_core.package_identification:_identify(src) by extension 'python_setup_py'
[5.378s] Level 1:colcon.colcon_core.package_identification:_identify(src/arduino_drive) by extensions ['ignore', 'ignore_ament_install']
[5.379s] Level 1:colcon.colcon_core.package_identification:_identify(src/arduino_drive) by extension 'ignore'
[5.380s] Level 1:colcon.colcon_core.package_identification:_identify(src/arduino_drive) by extension 'ignore_ament_install'
[5.381s] Level 1:colcon.colcon_core.package_identification:_identify(src/arduino_drive) by extensions ['colcon_pkg']
[5.382s] Level 1:colcon.colcon_core.package_identification:_identify(src/arduino_drive) by extension 'colcon_pkg'
[5.383s] Level 1:colcon.colcon_core.package_identification:_identify(src/arduino_drive) by extensions ['colcon_meta']
[5.383s] Level 1:colcon.colcon_core.package_identification:_identify(src/arduino_drive) by extension 'colcon_meta'
[5.384s] Level 1:colcon.colcon_core.package_identification:_identify(src/arduino_drive) by extensions ['ros']
[5.384s] Level 1:colcon.colcon_core.package_identification:_identify(src/arduino_drive) by extension 'ros'
[5.649s] DEBUG:colcon.colcon_core.package_identification:Package 'src/arduino_drive' with type 'ros.ament_python' and name 'arduino_drive'
[5.651s] Level 1:colcon.colcon_core.package_identification:_identify(src/lidarc_driver) by extensions ['ignore', 'ignore_ament_install']
[5.652s] Level 1:colcon.colcon_core.package_identification:_identify(src/lidarc_driver) by extension 'ignore'
[5.653s] Level 1:colcon.colcon_core.package_identification:_identify(src/lidarc_driver) by extension 'ignore_ament_install'
[5.654s] Level 1:colcon.colcon_core.package_identification:_identify(src/lidarc_driver) by extensions ['colcon_pkg']
[5.655s] Level 1:colcon.colcon_core.package_identification:_identify(src/lidarc_driver) by extension 'colcon_pkg'
[5.655s] Level 1:colcon.colcon_core.package_identification:_identify(src/lidarc_driver) by extensions ['colcon_meta']
[5.656s] Level 1:colcon.colcon_core.package_identification:_identify(src/lidarc_driver) by extension 'colcon_meta'
[5.657s] Level 1:colcon.colcon_core.package_identification:_identify(src/lidarc_driver) by extensions ['ros']
[5.658s] Level 1:colcon.colcon_core.package_identification:_identify(src/lidarc_driver) by extension 'ros'
[5.684s] DEBUG:colcon.colcon_core.package_identification:Package 'src/lidarc_driver' with type 'ros.ament_python' and name 'lidarc_driver'
[5.685s] Level 1:colcon.colcon_core.package_discovery:discover_packages(recursive) using defaults
[5.686s] Level 1:colcon.colcon_core.package_discovery:discover_packages(ignore) discover
[5.686s] Level 1:colcon.colcon_core.package_discovery:discover_packages(ignore) using defaults
[5.687s] Level 1:colcon.colcon_core.package_discovery:discover_packages(path) discover
[5.687s] Level 1:colcon.colcon_core.package_discovery:discover_packages(path) using defaults
[6.075s] Level 1:colcon.colcon_core.package_discovery:discover_packages(prefix_path) check parameters
[6.076s] Level 1:colcon.colcon_core.package_discovery:discover_packages(prefix_path) discover
[6.132s] DEBUG:colcon.colcon_installed_package_information.package_discovery:Found 271 installed packages in /opt/ros/humble
[6.157s] Level 1:colcon.colcon_core.package_discovery:discover_packages(prefix_path) using defaults
[6.724s] Level 5:colcon.colcon_core.verb:set package 'arduino_drive' build argument 'cmake_args' from command line to 'None'
[6.725s] Level 5:colcon.colcon_core.verb:set package 'arduino_drive' build argument 'cmake_target' from command line to 'None'
[6.725s] Level 5:colcon.colcon_core.verb:set package 'arduino_drive' build argument 'cmake_target_skip_unavailable' from command line to 'False'
[6.726s] Level 5:colcon.colcon_core.verb:set package 'arduino_drive' build argument 'cmake_clean_cache' from command line to 'False'
[6.726s] Level 5:colcon.colcon_core.verb:set package 'arduino_drive' build argument 'cmake_clean_first' from command line to 'False'
[6.726s] Level 5:colcon.colcon_core.verb:set package 'arduino_drive' build argument 'cmake_force_configure' from command line to 'False'
[6.726s] Level 5:colcon.colcon_core.verb:set package 'arduino_drive' build argument 'ament_cmake_args' from command line to 'None'
[6.727s] Level 5:colcon.colcon_core.verb:set package 'arduino_drive' build argument 'catkin_cmake_args' from command line to 'None'
[6.727s] Level 5:colcon.colcon_core.verb:set package 'arduino_drive' build argument 'catkin_skip_building_tests' from command line to 'False'
[6.727s] DEBUG:colcon.colcon_core.verb:Building package 'arduino_drive' with the following arguments: {'ament_cmake_args': None, 'build_base': '/home/milo/project_parts/MILO-Mobile-Indoor-Localization-Observer-/ros2_ws/build/arduino_drive', 'catkin_cmake_args': None, 'catkin_skip_building_tests': False, 'cmake_args': None, 'cmake_clean_cache': False, 'cmake_clean_first': False, 'cmake_force_configure': False, 'cmake_target': None, 'cmake_target_skip_unavailable': False, 'install_base': '/home/milo/project_parts/MILO-Mobile-Indoor-Localization-Observer-/ros2_ws/install/arduino_drive', 'merge_install': False, 'path': '/home/milo/project_parts/MILO-Mobile-Indoor-Localization-Observer-/ros2_ws/src/arduino_drive', 'symlink_install': True, 'test_result_base': None}
[6.731s] Level 5:colcon.colcon_core.verb:set package 'lidarc_driver' build argument 'cmake_args' from command line to 'None'
[6.732s] Level 5:colcon.colcon_core.verb:set package 'lidarc_driver' build argument 'cmake_target' from command line to 'None'
[6.732s] Level 5:colcon.colcon_core.verb:set package 'lidarc_driver' build argument 'cmake_target_skip_unavailable' from command line to 'False'
[6.732s] Level 5:colcon.colcon_core.verb:set package 'lidarc_driver' build argument 'cmake_clean_cache' from command line to 'False'
[6.733s] Level 5:colcon.colcon_core.verb:set package 'lidarc_driver' build argument 'cmake_clean_first' from command line to 'False'
[6.733s] Level 5:colcon.colcon_core.verb:set package 'lidarc_driver' build argument 'cmake_force_configure' from command line to 'False'
[6.733s] Level 5:colcon.colcon_core.verb:set package 'lidarc_driver' build argument 'ament_cmake_args' from command line to 'None'
[6.733s] Level 5:colcon.colcon_core.verb:set package 'lidarc_driver' build argument 'catkin_cmake_args' from command line to 'None'
[6.734s] Level 5:colcon.colcon_core.verb:set package 'lidarc_driver' build argument 'catkin_skip_building_tests' from command line to 'False'
[6.734s] DEBUG:colcon.colcon_core.verb:Building package 'lidarc_driver' with the following arguments: {'ament_cmake_args': None, 'build_base': '/home/milo/project_parts/MILO-Mobile-Indoor-Localization-Observer-/ros2_ws/build/lidarc_driver', 'catkin_cmake_args': None, 'catkin_skip_building_tests': False, 'cmake_args': None, 'cmake_clean_cache': False, 'cmake_clean_first': False, 'cmake_force_configure': False, 'cmake_target': None, 'cmake_target_skip_unavailable': False, 'install_base': '/home/milo/project_parts/MILO-Mobile-Indoor-Localization-Observer-/ros2_ws/install/lidarc_driver', 'merge_install': False, 'path': '/home/milo/project_parts/MILO-Mobile-Indoor-Localization-Observer-/ros2_ws/src/lidarc_driver', 'symlink_install': True, 'test_result_base': None}
[6.735s] INFO:colcon.colcon_core.executor:Executing jobs using 'parallel' executor
[6.743s] DEBUG:colcon.colcon_parallel_executor.executor.parallel:run_until_complete
[6.745s] INFO:colcon.colcon_ros.task.ament_python.build:Building ROS package in '/home/milo/project_parts/MILO-Mobile-Indoor-Localization-Observer-/ros2_ws/src/arduino_drive' with build type 'ament_python'
[6.747s] Level 1:colcon.colcon_core.shell:create_environment_hook('arduino_drive', 'ament_prefix_path')
[6.794s] INFO:colcon.colcon_core.plugin_system:Skipping extension 'colcon_core.shell.bat': Not used on non-Windows systems
[6.797s] INFO:colcon.colcon_core.shell:Creating environment hook '/home/milo/project_parts/MILO-Mobile-Indoor-Localization-Observer-/ros2_ws/install/arduino_drive/share/arduino_drive/hook/ament_prefix_path.ps1'
[6.809s] INFO:colcon.colcon_core.shell:Creating environment descriptor '/home/milo/project_parts/MILO-Mobile-Indoor-Localization-Observer-/ros2_ws/install/arduino_drive/share/arduino_drive/hook/ament_prefix_path.dsv'
[6.816s] INFO:colcon.colcon_core.shell:Creating environment hook '/home/milo/project_parts/MILO-Mobile-Indoor-Localization-Observer-/ros2_ws/install/arduino_drive/share/arduino_drive/hook/ament_prefix_path.sh'
[6.826s] INFO:colcon.colcon_core.shell:Skip shell extension 'powershell' for command environment: Not usable outside of PowerShell
[6.827s] DEBUG:colcon.colcon_core.shell:Skip shell extension 'dsv' for command environment
[6.864s] INFO:colcon.colcon_ros.task.ament_python.build:Building ROS package in '/home/milo/project_parts/MILO-Mobile-Indoor-Localization-Observer-/ros2_ws/src/lidarc_driver' with build type 'ament_python'
[6.866s] Level 1:colcon.colcon_core.shell:create_environment_hook('lidarc_driver', 'ament_prefix_path')
[6.870s] INFO:colcon.colcon_core.shell:Creating environment hook '/home/milo/project_parts/MILO-Mobile-Indoor-Localization-Observer-/ros2_ws/install/lidarc_driver/share/lidarc_driver/hook/ament_prefix_path.ps1'
[6.876s] INFO:colcon.colcon_core.shell:Creating environment descriptor '/home/milo/project_parts/MILO-Mobile-Indoor-Localization-Observer-/ros2_ws/install/lidarc_driver/share/lidarc_driver/hook/ament_prefix_path.dsv'
[6.882s] INFO:colcon.colcon_core.shell:Creating environment hook '/home/milo/project_parts/MILO-Mobile-Indoor-Localization-Observer-/ros2_ws/install/lidarc_driver/share/lidarc_driver/hook/ament_prefix_path.sh'
[6.889s] INFO:colcon.colcon_core.shell:Skip shell extension 'powershell' for command environment: Not usable outside of PowerShell
[6.890s] DEBUG:colcon.colcon_core.shell:Skip shell extension 'dsv' for command environment
[9.898s] INFO:colcon.colcon_core.task.python.build:Building Python package in '/home/milo/project_parts/MILO-Mobile-Indoor-Localization-Observer-/ros2_ws/src/arduino_drive'
[9.900s] INFO:colcon.colcon_core.shell:Skip shell extension 'powershell' for command environment: Not usable outside of PowerShell
[9.901s] DEBUG:colcon.colcon_core.shell:Skip shell extension 'dsv' for command environment
[12.822s] INFO:colcon.colcon_core.task.python.build:Building Python package in '/home/milo/project_parts/MILO-Mobile-Indoor-Localization-Observer-/ros2_ws/src/lidarc_driver'
[12.825s] INFO:colcon.colcon_core.shell:Skip shell extension 'powershell' for command environment: Not usable outside of PowerShell
[12.825s] DEBUG:colcon.colcon_core.shell:Skip shell extension 'dsv' for command environment
[18.428s] DEBUG:colcon.colcon_core.task.python.build:While undoing a previous installation files outside the Python library path are being ignored: /home/milo/project_parts/MILO-Mobile-Indoor-Localization-Observer-/ros2_ws/install/lidarc_driver/share/ament_index/resource_index/packages/lidarc_driver
[18.428s] DEBUG:colcon.colcon_core.task.python.build:While undoing a previous installation files outside the Python library path are being ignored: /home/milo/project_parts/MILO-Mobile-Indoor-Localization-Observer-/ros2_ws/install/lidarc_driver/share/lidarc_driver/package.xml
[18.432s] DEBUG:colcon.colcon_core.task.python.build:While undoing a previous installation files outside the Python library path are being ignored: /home/milo/project_parts/MILO-Mobile-Indoor-Localization-Observer-/ros2_ws/install/lidarc_driver/lib/lidarc_driver/lidarc_node
[18.448s] DEBUG:colcon.colcon_core.event_handler.log_command:Invoking command in '/home/milo/project_parts/MILO-Mobile-Indoor-Localization-Observer-/ros2_ws/build/lidarc_driver': PYTHONPATH=/home/milo/project_parts/MILO-Mobile-Indoor-Localization-Observer-/ros2_ws/build/lidarc_driver/prefix_override:/usr/lib/python3/dist-packages/colcon_core/task/python/colcon_distutils_commands:/home/milo/project_parts/MILO-Mobile-Indoor-Localization-Observer-/ros2_ws/install/lidarc_driver/lib/python3.10/site-packages:${PYTHONPATH} /usr/bin/python3 -W ignore:setup.py install is deprecated -W ignore:easy_install command is deprecated setup.py develop --editable --build-directory /home/milo/project_parts/MILO-Mobile-Indoor-Localization-Observer-/ros2_ws/build/lidarc_driver/build --no-deps symlink_data --force
[18.503s] DEBUG:colcon.colcon_core.event_handler.log_command:Invoking command in '/home/milo/project_parts/MILO-Mobile-Indoor-Localization-Observer-/ros2_ws/build/arduino_drive': PYTHONPATH=/home/milo/project_parts/MILO-Mobile-Indoor-Localization-Observer-/ros2_ws/build/arduino_drive/prefix_override:/usr/lib/python3/dist-packages/colcon_core/task/python/colcon_distutils_commands:/home/milo/project_parts/MILO-Mobile-Indoor-Localization-Observer-/ros2_ws/install/arduino_drive/lib/python3.10/site-packages:${PYTHONPATH} /usr/bin/python3 -W ignore:setup.py install is deprecated -W ignore:easy_install command is deprecated setup.py develop --editable --build-directory /home/milo/project_parts/MILO-Mobile-Indoor-Localization-Observer-/ros2_ws/build/arduino_drive/build --no-deps symlink_data
[24.512s] Level 1:colcon.colcon_core.shell:create_environment_hook('lidarc_driver', 'pythonpath_develop')
[24.515s] INFO:colcon.colcon_core.shell:Creating environment hook '/home/milo/project_parts/MILO-Mobile-Indoor-Localization-Observer-/ros2_ws/build/lidarc_driver/share/lidarc_driver/hook/pythonpath_develop.ps1'
[24.518s] DEBUG:colcon.colcon_core.event_handler.log_command:Invoked command in '/home/milo/project_parts/MILO-Mobile-Indoor-Localization-Observer-/ros2_ws/build/lidarc_driver' returned '0': PYTHONPATH=/home/milo/project_parts/MILO-Mobile-Indoor-Localization-Observer-/ros2_ws/build/lidarc_driver/prefix_override:/usr/lib/python3/dist-packages/colcon_core/task/python/colcon_distutils_commands:/home/milo/project_parts/MILO-Mobile-Indoor-Localization-Observer-/ros2_ws/install/lidarc_driver/lib/python3.10/site-packages:${PYTHONPATH} /usr/bin/python3 -W ignore:setup.py install is deprecated -W ignore:easy_install command is deprecated setup.py develop --editable --build-directory /home/milo/project_parts/MILO-Mobile-Indoor-Localization-Observer-/ros2_ws/build/lidarc_driver/build --no-deps symlink_data --force
[24.523s] INFO:colcon.colcon_core.shell:Creating environment descriptor '/home/milo/project_parts/MILO-Mobile-Indoor-Localization-Observer-/ros2_ws/build/lidarc_driver/share/lidarc_driver/hook/pythonpath_develop.dsv'
[24.527s] INFO:colcon.colcon_core.shell:Creating environment hook '/home/milo/project_parts/MILO-Mobile-Indoor-Localization-Observer-/ros2_ws/build/lidarc_driver/share/lidarc_driver/hook/pythonpath_develop.sh'
[24.592s] Level 1:colcon.colcon_core.environment:checking '/home/milo/project_parts/MILO-Mobile-Indoor-Localization-Observer-/ros2_ws/install/lidarc_driver' for CMake module files
[24.599s] Level 1:colcon.colcon_core.environment:checking '/home/milo/project_parts/MILO-Mobile-Indoor-Localization-Observer-/ros2_ws/install/lidarc_driver' for CMake config files
[24.607s] Level 1:colcon.colcon_core.environment:checking '/home/milo/project_parts/MILO-Mobile-Indoor-Localization-Observer-/ros2_ws/install/lidarc_driver/lib'
[24.609s] Level 1:colcon.colcon_core.environment:checking '/home/milo/project_parts/MILO-Mobile-Indoor-Localization-Observer-/ros2_ws/install/lidarc_driver/bin'
[24.610s] Level 1:colcon.colcon_core.environment:checking '/home/milo/project_parts/MILO-Mobile-Indoor-Localization-Observer-/ros2_ws/install/lidarc_driver/lib/pkgconfig/lidarc_driver.pc'
[24.612s] Level 1:colcon.colcon_core.environment:checking '/home/milo/project_parts/MILO-Mobile-Indoor-Localization-Observer-/ros2_ws/install/lidarc_driver/lib/python3.10/site-packages'
[24.613s] Level 1:colcon.colcon_core.shell:create_environment_hook('lidarc_driver', 'pythonpath')
[24.616s] INFO:colcon.colcon_core.shell:Creating environment hook '/home/milo/project_parts/MILO-Mobile-Indoor-Localization-Observer-/ros2_ws/install/lidarc_driver/share/lidarc_driver/hook/pythonpath.ps1'
[24.620s] INFO:colcon.colcon_core.shell:Creating environment descriptor '/home/milo/project_parts/MILO-Mobile-Indoor-Localization-Observer-/ros2_ws/install/lidarc_driver/share/lidarc_driver/hook/pythonpath.dsv'
[24.625s] INFO:colcon.colcon_core.shell:Creating environment hook '/home/milo/project_parts/MILO-Mobile-Indoor-Localization-Observer-/ros2_ws/install/lidarc_driver/share/lidarc_driver/hook/pythonpath.sh'
[24.633s] Level 1:colcon.colcon_core.environment:checking '/home/milo/project_parts/MILO-Mobile-Indoor-Localization-Observer-/ros2_ws/install/lidarc_driver/bin'
[24.635s] Level 1:colcon.colcon_core.environment:create_environment_scripts_only(lidarc_driver)
[24.639s] INFO:colcon.colcon_core.shell:Creating package script '/home/milo/project_parts/MILO-Mobile-Indoor-Localization-Observer-/ros2_ws/install/lidarc_driver/share/lidarc_driver/package.ps1'
[24.649s] INFO:colcon.colcon_core.shell:Creating package descriptor '/home/milo/project_parts/MILO-Mobile-Indoor-Localization-Observer-/ros2_ws/install/lidarc_driver/share/lidarc_driver/package.dsv'
[24.659s] INFO:colcon.colcon_core.shell:Creating package script '/home/milo/project_parts/MILO-Mobile-Indoor-Localization-Observer-/ros2_ws/install/lidarc_driver/share/lidarc_driver/package.sh'
[24.670s] INFO:colcon.colcon_core.shell:Creating package script '/home/milo/project_parts/MILO-Mobile-Indoor-Localization-Observer-/ros2_ws/install/lidarc_driver/share/lidarc_driver/package.bash'
[24.683s] INFO:colcon.colcon_core.shell:Creating package script '/home/milo/project_parts/MILO-Mobile-Indoor-Localization-Observer-/ros2_ws/install/lidarc_driver/share/lidarc_driver/package.zsh'
[24.695s] Level 1:colcon.colcon_core.environment:create_file_with_runtime_dependencies(/home/milo/project_parts/MILO-Mobile-Indoor-Localization-Observer-/ros2_ws/install/lidarc_driver/share/colcon-core/packages/lidarc_driver)
[24.700s] Level 1:colcon.colcon_core.shell:create_environment_hook('arduino_drive', 'pythonpath_develop')
[24.703s] INFO:colcon.colcon_core.shell:Creating environment hook '/home/milo/project_parts/MILO-Mobile-Indoor-Localization-Observer-/ros2_ws/build/arduino_drive/share/arduino_drive/hook/pythonpath_develop.ps1'
[24.712s] INFO:colcon.colcon_core.shell:Creating environment descriptor '/home/milo/project_parts/MILO-Mobile-Indoor-Localization-Observer-/ros2_ws/build/arduino_drive/share/arduino_drive/hook/pythonpath_develop.dsv'
[24.714s] DEBUG:colcon.colcon_core.event_handler.log_command:Invoked command in '/home/milo/project_parts/MILO-Mobile-Indoor-Localization-Observer-/ros2_ws/build/arduino_drive' returned '0': PYTHONPATH=/home/milo/project_parts/MILO-Mobile-Indoor-Localization-Observer-/ros2_ws/build/arduino_drive/prefix_override:/usr/lib/python3/dist-packages/colcon_core/task/python/colcon_distutils_commands:/home/milo/project_parts/MILO-Mobile-Indoor-Localization-Observer-/ros2_ws/install/arduino_drive/lib/python3.10/site-packages:${PYTHONPATH} /usr/bin/python3 -W ignore:setup.py install is deprecated -W ignore:easy_install command is deprecated setup.py develop --editable --build-directory /home/milo/project_parts/MILO-Mobile-Indoor-Localization-Observer-/ros2_ws/build/arduino_drive/build --no-deps symlink_data
[24.718s] INFO:colcon.colcon_core.shell:Creating environment hook '/home/milo/project_parts/MILO-Mobile-Indoor-Localization-Observer-/ros2_ws/build/arduino_drive/share/arduino_drive/hook/pythonpath_develop.sh'
[24.724s] Level 1:colcon.colcon_core.environment:checking '/home/milo/project_parts/MILO-Mobile-Indoor-Localization-Observer-/ros2_ws/install/arduino_drive' for CMake module files
[24.730s] Level 1:colcon.colcon_core.environment:checking '/home/milo/project_parts/MILO-Mobile-Indoor-Localization-Observer-/ros2_ws/install/arduino_drive' for CMake config files
[24.736s] Level 1:colcon.colcon_core.environment:checking '/home/milo/project_parts/MILO-Mobile-Indoor-Localization-Observer-/ros2_ws/install/arduino_drive/lib'
[24.738s] Level 1:colcon.colcon_core.environment:checking '/home/milo/project_parts/MILO-Mobile-Indoor-Localization-Observer-/ros2_ws/install/arduino_drive/bin'
[24.739s] Level 1:colcon.colcon_core.environment:checking '/home/milo/project_parts/MILO-Mobile-Indoor-Localization-Observer-/ros2_ws/install/arduino_drive/lib/pkgconfig/arduino_drive.pc'
[24.741s] Level 1:colcon.colcon_core.environment:checking '/home/milo/project_parts/MILO-Mobile-Indoor-Localization-Observer-/ros2_ws/install/arduino_drive/lib/python3.10/site-packages'
[24.742s] Level 1:colcon.colcon_core.shell:create_environment_hook('arduino_drive', 'pythonpath')
[24.744s] INFO:colcon.colcon_core.shell:Creating environment hook '/home/milo/project_parts/MILO-Mobile-Indoor-Localization-Observer-/ros2_ws/install/arduino_drive/share/arduino_drive/hook/pythonpath.ps1'
[24.748s] INFO:colcon.colcon_core.shell:Creating environment descriptor '/home/milo/project_parts/MILO-Mobile-Indoor-Localization-Observer-/ros2_ws/install/arduino_drive/share/arduino_drive/hook/pythonpath.dsv'
[24.752s] INFO:colcon.colcon_core.shell:Creating environment hook '/home/milo/project_parts/MILO-Mobile-Indoor-Localization-Observer-/ros2_ws/install/arduino_drive/share/arduino_drive/hook/pythonpath.sh'
[24.759s] Level 1:colcon.colcon_core.environment:checking '/home/milo/project_parts/MILO-Mobile-Indoor-Localization-Observer-/ros2_ws/install/arduino_drive/bin'
[24.760s] Level 1:colcon.colcon_core.environment:create_environment_scripts_only(arduino_drive)
[24.764s] INFO:colcon.colcon_core.shell:Creating package script '/home/milo/project_parts/MILO-Mobile-Indoor-Localization-Observer-/ros2_ws/install/arduino_drive/share/arduino_drive/package.ps1'
[24.769s] INFO:colcon.colcon_core.shell:Creating package descriptor '/home/milo/project_parts/MILO-Mobile-Indoor-Localization-Observer-/ros2_ws/install/arduino_drive/share/arduino_drive/package.dsv'
[24.774s] INFO:colcon.colcon_core.shell:Creating package script '/home/milo/project_parts/MILO-Mobile-Indoor-Localization-Observer-/ros2_ws/install/arduino_drive/share/arduino_drive/package.sh'
[24.779s] INFO:colcon.colcon_core.shell:Creating package script '/home/milo/project_parts/MILO-Mobile-Indoor-Localization-Observer-/ros2_ws/install/arduino_drive/share/arduino_drive/package.bash'
[24.783s] INFO:colcon.colcon_core.shell:Creating package script '/home/milo/project_parts/MILO-Mobile-Indoor-Localization-Observer-/ros2_ws/install/arduino_drive/share/arduino_drive/package.zsh'
[24.786s] Level 1:colcon.colcon_core.environment:create_file_with_runtime_dependencies(/home/milo/project_parts/MILO-Mobile-Indoor-Localization-Observer-/ros2_ws/install/arduino_drive/share/colcon-core/packages/arduino_drive)
[24.789s] DEBUG:colcon.colcon_parallel_executor.executor.parallel:closing loop
[24.792s] DEBUG:colcon.colcon_parallel_executor.executor.parallel:loop closed
[24.793s] DEBUG:colcon.colcon_parallel_executor.executor.parallel:run_until_complete finished with '0'
[24.794s] DEBUG:colcon.colcon_core.event_reactor:joining thread
[24.859s] INFO:colcon.colcon_core.plugin_system:Skipping extension 'colcon_notification.desktop_notification.notify_send': Could not find 'notify-send'
[24.860s] INFO:colcon.colcon_core.plugin_system:Skipping extension 'colcon_notification.desktop_notification.terminal_notifier': Not used on non-Darwin systems
[24.861s] INFO:colcon.colcon_core.plugin_system:Skipping extension 'colcon_notification.desktop_notification.win32': Not used on non-Windows systems
[24.862s] INFO:colcon.colcon_notification.desktop_notification:Sending desktop notification using 'notify2'
[25.004s] DEBUG:colcon.colcon_notification.desktop_notification.notify2:Failed to initialize notify2: org.freedesktop.DBus.Error.ServiceUnknown: The name org.freedesktop.Notifications was not provided by any .service files
[25.005s] DEBUG:colcon.colcon_core.event_reactor:joined thread
[25.007s] INFO:colcon.colcon_core.shell:Creating prefix script '/home/milo/project_parts/MILO-Mobile-Indoor-Localization-Observer-/ros2_ws/install/local_setup.ps1'
[25.019s] INFO:colcon.colcon_core.shell:Creating prefix util module '/home/milo/project_parts/MILO-Mobile-Indoor-Localization-Observer-/ros2_ws/install/_local_setup_util_ps1.py'
[25.038s] INFO:colcon.colcon_core.shell:Creating prefix chain script '/home/milo/project_parts/MILO-Mobile-Indoor-Localization-Observer-/ros2_ws/install/setup.ps1'
[25.049s] INFO:colcon.colcon_core.shell:Creating prefix script '/home/milo/project_parts/MILO-Mobile-Indoor-Localization-Observer-/ros2_ws/install/local_setup.sh'
[25.059s] INFO:colcon.colcon_core.shell:Creating prefix util module '/home/milo/project_parts/MILO-Mobile-Indoor-Localization-Observer-/ros2_ws/install/_local_setup_util_sh.py'
[25.066s] INFO:colcon.colcon_core.shell:Creating prefix chain script '/home/milo/project_parts/MILO-Mobile-Indoor-Localization-Observer-/ros2_ws/install/setup.sh'
[25.077s] INFO:colcon.colcon_core.shell:Creating prefix script '/home/milo/project_parts/MILO-Mobile-Indoor-Localization-Observer-/ros2_ws/install/local_setup.bash'
[25.085s] INFO:colcon.colcon_core.shell:Creating prefix chain script '/home/milo/project_parts/MILO-Mobile-Indoor-Localization-Observer-/ros2_ws/install/setup.bash'
[25.096s] INFO:colcon.colcon_core.shell:Creating prefix script '/home/milo/project_parts/MILO-Mobile-Indoor-Localization-Observer-/ros2_ws/install/local_setup.zsh'
[25.104s] INFO:colcon.colcon_core.shell:Creating prefix chain script '/home/milo/project_parts/MILO-Mobile-Indoor-Localization-Observer-/ros2_ws/install/setup.zsh'
