[7.861s] Invoking command in '/home/milo/project_parts/MILO-Mobile-Indoor-Localization-Observer-/ros2_ws/src/lidarc_driver': PYTHONPATH=/home/milo/project_parts/MILO-Mobile-Indoor-Localization-Observer-/ros2_ws/build/lidarc_driver/prefix_override:/usr/lib/python3/dist-packages/colcon_core/task/python/colcon_distutils_commands:/home/milo/project_parts/MILO-Mobile-Indoor-Localization-Observer-/ros2_ws/install/lidarc_driver/lib/python3.10/site-packages:${PYTHONPATH} /usr/bin/python3 -W ignore:setup.py install is deprecated -W ignore:easy_install command is deprecated setup.py egg_info --egg-base ../../build/lidarc_driver build --build-base /home/milo/project_parts/MILO-Mobile-Indoor-Localization-Observer-/ros2_ws/build/lidarc_driver/build install --record /home/milo/project_parts/MILO-Mobile-Indoor-Localization-Observer-/ros2_ws/build/lidarc_driver/install.log --single-version-externally-managed install_data
[10.500s] running egg_info
[10.507s] creating ../../build/lidarc_driver/lidarc_driver.egg-info
[10.508s] writing ../../build/lidarc_driver/lidarc_driver.egg-info/PKG-INFO
[10.511s] writing dependency_links to ../../build/lidarc_driver/lidarc_driver.egg-info/dependency_links.txt
[10.512s] writing entry points to ../../build/lidarc_driver/lidarc_driver.egg-info/entry_points.txt
[10.514s] writing requirements to ../../build/lidarc_driver/lidarc_driver.egg-info/requires.txt
[10.516s] writing top-level names to ../../build/lidarc_driver/lidarc_driver.egg-info/top_level.txt
[10.517s] writing manifest file '../../build/lidarc_driver/lidarc_driver.egg-info/SOURCES.txt'
[10.532s] reading manifest file '../../build/lidarc_driver/lidarc_driver.egg-info/SOURCES.txt'
[10.540s] writing manifest file '../../build/lidarc_driver/lidarc_driver.egg-info/SOURCES.txt'
[10.542s] running build
[10.543s] running build_py
[10.545s] creating /home/milo/project_parts/MILO-Mobile-Indoor-Localization-Observer-/ros2_ws/build/lidarc_driver/build
[10.546s] creating /home/milo/project_parts/MILO-Mobile-Indoor-Localization-Observer-/ros2_ws/build/lidarc_driver/build/lib
[10.547s] creating /home/milo/project_parts/MILO-Mobile-Indoor-Localization-Observer-/ros2_ws/build/lidarc_driver/build/lib/lidarc_driver
[10.548s] copying lidarc_driver/__init__.py -> /home/milo/project_parts/MILO-Mobile-Indoor-Localization-Observer-/ros2_ws/build/lidarc_driver/build/lib/lidarc_driver
[10.549s] copying lidarc_driver/lidarc_node.py -> /home/milo/project_parts/MILO-Mobile-Indoor-Localization-Observer-/ros2_ws/build/lidarc_driver/build/lib/lidarc_driver
[10.550s] running install
[10.553s] running install_lib
[10.559s] creating /home/milo/project_parts/MILO-Mobile-Indoor-Localization-Observer-/ros2_ws/install/lidarc_driver/lib/python3.10/site-packages/lidarc_driver
[10.561s] copying /home/milo/project_parts/MILO-Mobile-Indoor-Localization-Observer-/ros2_ws/build/lidarc_driver/build/lib/lidarc_driver/__init__.py -> /home/milo/project_parts/MILO-Mobile-Indoor-Localization-Observer-/ros2_ws/install/lidarc_driver/lib/python3.10/site-packages/lidarc_driver
[10.562s] copying /home/milo/project_parts/MILO-Mobile-Indoor-Localization-Observer-/ros2_ws/build/lidarc_driver/build/lib/lidarc_driver/lidarc_node.py -> /home/milo/project_parts/MILO-Mobile-Indoor-Localization-Observer-/ros2_ws/install/lidarc_driver/lib/python3.10/site-packages/lidarc_driver
[10.568s] byte-compiling /home/milo/project_parts/MILO-Mobile-Indoor-Localization-Observer-/ros2_ws/install/lidarc_driver/lib/python3.10/site-packages/lidarc_driver/__init__.py to __init__.cpython-310.pyc
[10.571s] byte-compiling /home/milo/project_parts/MILO-Mobile-Indoor-Localization-Observer-/ros2_ws/install/lidarc_driver/lib/python3.10/site-packages/lidarc_driver/lidarc_node.py to lidarc_node.cpython-310.pyc
[10.579s] running install_data
[10.581s] creating /home/milo/project_parts/MILO-Mobile-Indoor-Localization-Observer-/ros2_ws/install/lidarc_driver/share/ament_index
[10.582s] creating /home/milo/project_parts/MILO-Mobile-Indoor-Localization-Observer-/ros2_ws/install/lidarc_driver/share/ament_index/resource_index
[10.583s] creating /home/milo/project_parts/MILO-Mobile-Indoor-Localization-Observer-/ros2_ws/install/lidarc_driver/share/ament_index/resource_index/packages
[10.585s] copying resource/lidarc_driver -> /home/milo/project_parts/MILO-Mobile-Indoor-Localization-Observer-/ros2_ws/install/lidarc_driver/share/ament_index/resource_index/packages
[10.586s] copying package.xml -> /home/milo/project_parts/MILO-Mobile-Indoor-Localization-Observer-/ros2_ws/install/lidarc_driver/share/lidarc_driver
[10.587s] running install_egg_info
[10.601s] Copying ../../build/lidarc_driver/lidarc_driver.egg-info to /home/milo/project_parts/MILO-Mobile-Indoor-Localization-Observer-/ros2_ws/install/lidarc_driver/lib/python3.10/site-packages/lidarc_driver-0.0.0-py3.10.egg-info
[10.614s] running install_scripts
[10.805s] Installing lidarc_node script to /home/milo/project_parts/MILO-Mobile-Indoor-Localization-Observer-/ros2_ws/install/lidarc_driver/lib/lidarc_driver
[10.808s] writing list of installed files to '/home/milo/project_parts/MILO-Mobile-Indoor-Localization-Observer-/ros2_ws/build/lidarc_driver/install.log'
[11.062s] Invoked command in '/home/milo/project_parts/MILO-Mobile-Indoor-Localization-Observer-/ros2_ws/src/lidarc_driver' returned '0': PYTHONPATH=/home/milo/project_parts/MILO-Mobile-Indoor-Localization-Observer-/ros2_ws/build/lidarc_driver/prefix_override:/usr/lib/python3/dist-packages/colcon_core/task/python/colcon_distutils_commands:/home/milo/project_parts/MILO-Mobile-Indoor-Localization-Observer-/ros2_ws/install/lidarc_driver/lib/python3.10/site-packages:${PYTHONPATH} /usr/bin/python3 -W ignore:setup.py install is deprecated -W ignore:easy_install command is deprecated setup.py egg_info --egg-base ../../build/lidarc_driver build --build-base /home/milo/project_parts/MILO-Mobile-Indoor-Localization-Observer-/ros2_ws/build/lidarc_driver/build install --record /home/milo/project_parts/MILO-Mobile-Indoor-Localization-Observer-/ros2_ws/build/lidarc_driver/install.log --single-version-externally-managed install_data
