[8.171s] Invoking command in '/home/milo/project_parts/MILO-Mobile-Indoor-Localization-Observer-/ros2_ws/src/ping_pong': PYTHONPATH=/home/milo/project_parts/MILO-Mobile-Indoor-Localization-Observer-/ros2_ws/src/build/ping_pong/prefix_override:/usr/lib/python3/dist-packages/colcon_core/task/python/colcon_distutils_commands:/home/milo/project_parts/MILO-Mobile-Indoor-Localization-Observer-/ros2_ws/src/install/ping_pong/lib/python3.10/site-packages:${PYTHONPATH} /usr/bin/python3 -W ignore:setup.py install is deprecated -W ignore:easy_install command is deprecated setup.py egg_info --egg-base ../build/ping_pong build --build-base /home/milo/project_parts/MILO-Mobile-Indoor-Localization-Observer-/ros2_ws/src/build/ping_pong/build install --record /home/milo/project_parts/MILO-Mobile-Indoor-Localization-Observer-/ros2_ws/src/build/ping_pong/install.log --single-version-externally-managed install_data
[10.855s] running egg_info
[10.860s] creating ../build/ping_pong/ping_pong.egg-info
[10.862s] writing ../build/ping_pong/ping_pong.egg-info/PKG-INFO
[10.865s] writing dependency_links to ../build/ping_pong/ping_pong.egg-info/dependency_links.txt
[10.866s] writing entry points to ../build/ping_pong/ping_pong.egg-info/entry_points.txt
[10.868s] writing requirements to ../build/ping_pong/ping_pong.egg-info/requires.txt
[10.869s] writing top-level names to ../build/ping_pong/ping_pong.egg-info/top_level.txt
[10.871s] writing manifest file '../build/ping_pong/ping_pong.egg-info/SOURCES.txt'
[10.887s] reading manifest file '../build/ping_pong/ping_pong.egg-info/SOURCES.txt'
[10.896s] writing manifest file '../build/ping_pong/ping_pong.egg-info/SOURCES.txt'
[10.898s] running build
[10.899s] running build_py
[10.901s] creating /home/milo/project_parts/MILO-Mobile-Indoor-Localization-Observer-/ros2_ws/src/build/ping_pong/build
[10.902s] creating /home/milo/project_parts/MILO-Mobile-Indoor-Localization-Observer-/ros2_ws/src/build/ping_pong/build/lib
[10.903s] creating /home/milo/project_parts/MILO-Mobile-Indoor-Localization-Observer-/ros2_ws/src/build/ping_pong/build/lib/ping_pong
[10.904s] copying ping_pong/__init__.py -> /home/milo/project_parts/MILO-Mobile-Indoor-Localization-Observer-/ros2_ws/src/build/ping_pong/build/lib/ping_pong
[10.905s] copying ping_pong/dt_control.py -> /home/milo/project_parts/MILO-Mobile-Indoor-Localization-Observer-/ros2_ws/src/build/ping_pong/build/lib/ping_pong
[10.906s] copying ping_pong/main_control.py -> /home/milo/project_parts/MILO-Mobile-Indoor-Localization-Observer-/ros2_ws/src/build/ping_pong/build/lib/ping_pong
[10.908s] running install
[10.911s] running install_lib
[10.918s] creating /home/milo/project_parts/MILO-Mobile-Indoor-Localization-Observer-/ros2_ws/src/install/ping_pong/lib/python3.10/site-packages/ping_pong
[10.919s] copying /home/milo/project_parts/MILO-Mobile-Indoor-Localization-Observer-/ros2_ws/src/build/ping_pong/build/lib/ping_pong/__init__.py -> /home/milo/project_parts/MILO-Mobile-Indoor-Localization-Observer-/ros2_ws/src/install/ping_pong/lib/python3.10/site-packages/ping_pong
[10.923s] copying /home/milo/project_parts/MILO-Mobile-Indoor-Localization-Observer-/ros2_ws/src/build/ping_pong/build/lib/ping_pong/dt_control.py -> /home/milo/project_parts/MILO-Mobile-Indoor-Localization-Observer-/ros2_ws/src/install/ping_pong/lib/python3.10/site-packages/ping_pong
[10.924s] copying /home/milo/project_parts/MILO-Mobile-Indoor-Localization-Observer-/ros2_ws/src/build/ping_pong/build/lib/ping_pong/main_control.py -> /home/milo/project_parts/MILO-Mobile-Indoor-Localization-Observer-/ros2_ws/src/install/ping_pong/lib/python3.10/site-packages/ping_pong
[10.930s] byte-compiling /home/milo/project_parts/MILO-Mobile-Indoor-Localization-Observer-/ros2_ws/src/install/ping_pong/lib/python3.10/site-packages/ping_pong/__init__.py to __init__.cpython-310.pyc
[10.934s] byte-compiling /home/milo/project_parts/MILO-Mobile-Indoor-Localization-Observer-/ros2_ws/src/install/ping_pong/lib/python3.10/site-packages/ping_pong/dt_control.py to dt_control.cpython-310.pyc
[10.939s] byte-compiling /home/milo/project_parts/MILO-Mobile-Indoor-Localization-Observer-/ros2_ws/src/install/ping_pong/lib/python3.10/site-packages/ping_pong/main_control.py to main_control.cpython-310.pyc
[10.943s] running install_data
[10.945s] creating /home/milo/project_parts/MILO-Mobile-Indoor-Localization-Observer-/ros2_ws/src/install/ping_pong/share/ament_index
[10.947s] creating /home/milo/project_parts/MILO-Mobile-Indoor-Localization-Observer-/ros2_ws/src/install/ping_pong/share/ament_index/resource_index
[10.948s] creating /home/milo/project_parts/MILO-Mobile-Indoor-Localization-Observer-/ros2_ws/src/install/ping_pong/share/ament_index/resource_index/packages
[10.949s] copying resource/ping_pong -> /home/milo/project_parts/MILO-Mobile-Indoor-Localization-Observer-/ros2_ws/src/install/ping_pong/share/ament_index/resource_index/packages
[10.950s] copying package.xml -> /home/milo/project_parts/MILO-Mobile-Indoor-Localization-Observer-/ros2_ws/src/install/ping_pong/share/ping_pong
[10.951s] running install_egg_info
[10.969s] Copying ../build/ping_pong/ping_pong.egg-info to /home/milo/project_parts/MILO-Mobile-Indoor-Localization-Observer-/ros2_ws/src/install/ping_pong/lib/python3.10/site-packages/ping_pong-0.0.0-py3.10.egg-info
[10.983s] running install_scripts
[11.179s] Installing dt_control script to /home/milo/project_parts/MILO-Mobile-Indoor-Localization-Observer-/ros2_ws/src/install/ping_pong/lib/ping_pong
[11.181s] Installing main_control script to /home/milo/project_parts/MILO-Mobile-Indoor-Localization-Observer-/ros2_ws/src/install/ping_pong/lib/ping_pong
[11.184s] writing list of installed files to '/home/milo/project_parts/MILO-Mobile-Indoor-Localization-Observer-/ros2_ws/src/build/ping_pong/install.log'
[11.443s] Invoked command in '/home/milo/project_parts/MILO-Mobile-Indoor-Localization-Observer-/ros2_ws/src/ping_pong' returned '0': PYTHONPATH=/home/milo/project_parts/MILO-Mobile-Indoor-Localization-Observer-/ros2_ws/src/build/ping_pong/prefix_override:/usr/lib/python3/dist-packages/colcon_core/task/python/colcon_distutils_commands:/home/milo/project_parts/MILO-Mobile-Indoor-Localization-Observer-/ros2_ws/src/install/ping_pong/lib/python3.10/site-packages:${PYTHONPATH} /usr/bin/python3 -W ignore:setup.py install is deprecated -W ignore:easy_install command is deprecated setup.py egg_info --egg-base ../build/ping_pong build --build-base /home/milo/project_parts/MILO-Mobile-Indoor-Localization-Observer-/ros2_ws/src/build/ping_pong/build install --record /home/milo/project_parts/MILO-Mobile-Indoor-Localization-Observer-/ros2_ws/src/build/ping_pong/install.log --single-version-externally-managed install_data
