[1.165s] DEBUG:colcon:Command line arguments: ['/usr/bin/colcon', 'build']
[1.166s] DEBUG:colcon:Parsed command line arguments: Namespace(log_base=None, log_level=None, verb_name='build', build_base='build', install_base='install', merge_install=False, symlink_install=False, test_result_base=None, continue_on_error=False, executor='parallel', parallel_workers=4, event_handlers=None, ignore_user_meta=False, metas=['./colcon.meta'], base_paths=['.'], packages_ignore=None, packages_ignore_regex=None, paths=None, packages_up_to=None, packages_up_to_regex=None, packages_above=None, packages_above_and_dependencies=None, packages_above_depth=None, packages_select_by_dep=None, packages_skip_by_dep=None, packages_skip_up_to=None, packages_select_build_failed=False, packages_skip_build_finished=False, packages_select_test_failures=False, packages_skip_test_passed=False, packages_select=None, packages_skip=None, packages_select_regex=None, packages_skip_regex=None, packages_start=None, packages_end=None, allow_overriding=[], cmake_args=None, cmake_target=None, cmake_target_skip_unavailable=False, cmake_clean_cache=False, cmake_clean_first=False, cmake_force_configure=False, ament_cmake_args=None, catkin_cmake_args=None, catkin_skip_building_tests=False, verb_parser=<colcon_defaults.argument_parser.defaults.DefaultArgumentsDecorator object at 0xffff8bed3310>, verb_extension=<colcon_core.verb.build.BuildVerb object at 0xffff8c00c6a0>, main=<bound method BuildVerb.main of <colcon_core.verb.build.BuildVerb object at 0xffff8c00c6a0>>)
[3.180s] Level 1:colcon.colcon_core.package_discovery:discover_packages(colcon_meta) check parameters
[3.181s] Level 1:colcon.colcon_core.package_discovery:discover_packages(recursive) check parameters
[3.181s] Level 1:colcon.colcon_core.package_discovery:discover_packages(ignore) check parameters
[3.182s] Level 1:colcon.colcon_core.package_discovery:discover_packages(path) check parameters
[3.182s] Level 1:colcon.colcon_core.package_discovery:discover_packages(colcon_meta) discover
[3.183s] Level 1:colcon.colcon_core.package_discovery:discover_packages(recursive) discover
[3.183s] INFO:colcon.colcon_core.package_discovery:Crawling recursively for packages in '/home/milo/project_parts/MILO-Mobile-Indoor-Localization-Observer-/ros2_ws/src'
[3.184s] Level 1:colcon.colcon_core.package_identification:_identify(.) by extensions ['ignore', 'ignore_ament_install']
[3.186s] Level 1:colcon.colcon_core.package_identification:_identify(.) by extension 'ignore'
[3.186s] Level 1:colcon.colcon_core.package_identification:_identify(.) by extension 'ignore_ament_install'
[3.187s] Level 1:colcon.colcon_core.package_identification:_identify(.) by extensions ['colcon_pkg']
[3.187s] Level 1:colcon.colcon_core.package_identification:_identify(.) by extension 'colcon_pkg'
[3.188s] Level 1:colcon.colcon_core.package_identification:_identify(.) by extensions ['colcon_meta']
[3.188s] Level 1:colcon.colcon_core.package_identification:_identify(.) by extension 'colcon_meta'
[3.189s] Level 1:colcon.colcon_core.package_identification:_identify(.) by extensions ['ros']
[3.189s] Level 1:colcon.colcon_core.package_identification:_identify(.) by extension 'ros'
[3.327s] Level 1:colcon.colcon_core.package_identification:_identify(.) by extensions ['cmake', 'python']
[3.328s] Level 1:colcon.colcon_core.package_identification:_identify(.) by extension 'cmake'
[3.328s] Level 1:colcon.colcon_core.package_identification:_identify(.) by extension 'python'
[3.329s] Level 1:colcon.colcon_core.package_identification:_identify(.) by extensions ['python_setup_py']
[3.329s] Level 1:colcon.colcon_core.package_identification:_identify(.) by extension 'python_setup_py'
[3.330s] Level 1:colcon.colcon_core.package_identification:_identify(build) by extensions ['ignore', 'ignore_ament_install']
[3.331s] Level 1:colcon.colcon_core.package_identification:_identify(build) by extension 'ignore'
[3.332s] Level 1:colcon.colcon_core.package_identification:_identify(build) ignored
[3.334s] Level 1:colcon.colcon_core.package_identification:_identify(install) by extensions ['ignore', 'ignore_ament_install']
[3.335s] Level 1:colcon.colcon_core.package_identification:_identify(install) by extension 'ignore'
[3.335s] Level 1:colcon.colcon_core.package_identification:_identify(install) ignored
[3.337s] Level 1:colcon.colcon_core.package_identification:_identify(log) by extensions ['ignore', 'ignore_ament_install']
[3.338s] Level 1:colcon.colcon_core.package_identification:_identify(log) by extension 'ignore'
[3.339s] Level 1:colcon.colcon_core.package_identification:_identify(log) ignored
[3.340s] Level 1:colcon.colcon_core.package_identification:_identify(ping_pong) by extensions ['ignore', 'ignore_ament_install']
[3.341s] Level 1:colcon.colcon_core.package_identification:_identify(ping_pong) by extension 'ignore'
[3.342s] Level 1:colcon.colcon_core.package_identification:_identify(ping_pong) by extension 'ignore_ament_install'
[3.342s] Level 1:colcon.colcon_core.package_identification:_identify(ping_pong) by extensions ['colcon_pkg']
[3.343s] Level 1:colcon.colcon_core.package_identification:_identify(ping_pong) by extension 'colcon_pkg'
[3.343s] Level 1:colcon.colcon_core.package_identification:_identify(ping_pong) by extensions ['colcon_meta']
[3.344s] Level 1:colcon.colcon_core.package_identification:_identify(ping_pong) by extension 'colcon_meta'
[3.344s] Level 1:colcon.colcon_core.package_identification:_identify(ping_pong) by extensions ['ros']
[3.345s] Level 1:colcon.colcon_core.package_identification:_identify(ping_pong) by extension 'ros'
[3.364s] DEBUG:colcon.colcon_core.package_identification:Package 'ping_pong' with type 'ros.ament_python' and name 'ping_pong'
[3.365s] Level 1:colcon.colcon_core.package_discovery:discover_packages(recursive) using defaults
[3.365s] Level 1:colcon.colcon_core.package_discovery:discover_packages(ignore) discover
[3.365s] Level 1:colcon.colcon_core.package_discovery:discover_packages(ignore) using defaults
[3.366s] Level 1:colcon.colcon_core.package_discovery:discover_packages(path) discover
[3.366s] Level 1:colcon.colcon_core.package_discovery:discover_packages(path) using defaults
[3.555s] Level 1:colcon.colcon_core.package_discovery:discover_packages(prefix_path) check parameters
[3.555s] Level 1:colcon.colcon_core.package_discovery:discover_packages(prefix_path) discover
[3.565s] WARNING:colcon.colcon_core.prefix_path.colcon:The path '/home/milo/project_parts/MILO-Mobile-Indoor-Localization-Observer-/install' in the environment variable COLCON_PREFIX_PATH doesn't exist
[3.577s] DEBUG:colcon.colcon_installed_package_information.package_discovery:Found 1 installed packages in /home/milo/project_parts/MILO-Mobile-Indoor-Localization-Observer-/ros2_ws/src/install
[3.582s] DEBUG:colcon.colcon_installed_package_information.package_discovery:Found 0 installed packages in /home/milo/project_parts/MILO-Mobile-Indoor-Localization-Observer-/ros2_ws/install
[3.602s] DEBUG:colcon.colcon_installed_package_information.package_discovery:Found 271 installed packages in /opt/ros/humble
[3.627s] Level 1:colcon.colcon_core.package_discovery:discover_packages(prefix_path) using defaults
[4.156s] Level 5:colcon.colcon_core.verb:set package 'ping_pong' build argument 'cmake_args' from command line to 'None'
[4.157s] Level 5:colcon.colcon_core.verb:set package 'ping_pong' build argument 'cmake_target' from command line to 'None'
[4.157s] Level 5:colcon.colcon_core.verb:set package 'ping_pong' build argument 'cmake_target_skip_unavailable' from command line to 'False'
[4.157s] Level 5:colcon.colcon_core.verb:set package 'ping_pong' build argument 'cmake_clean_cache' from command line to 'False'
[4.158s] Level 5:colcon.colcon_core.verb:set package 'ping_pong' build argument 'cmake_clean_first' from command line to 'False'
[4.158s] Level 5:colcon.colcon_core.verb:set package 'ping_pong' build argument 'cmake_force_configure' from command line to 'False'
[4.158s] Level 5:colcon.colcon_core.verb:set package 'ping_pong' build argument 'ament_cmake_args' from command line to 'None'
[4.158s] Level 5:colcon.colcon_core.verb:set package 'ping_pong' build argument 'catkin_cmake_args' from command line to 'None'
[4.159s] Level 5:colcon.colcon_core.verb:set package 'ping_pong' build argument 'catkin_skip_building_tests' from command line to 'False'
[4.159s] DEBUG:colcon.colcon_core.verb:Building package 'ping_pong' with the following arguments: {'ament_cmake_args': None, 'build_base': '/home/milo/project_parts/MILO-Mobile-Indoor-Localization-Observer-/ros2_ws/src/build/ping_pong', 'catkin_cmake_args': None, 'catkin_skip_building_tests': False, 'cmake_args': None, 'cmake_clean_cache': False, 'cmake_clean_first': False, 'cmake_force_configure': False, 'cmake_target': None, 'cmake_target_skip_unavailable': False, 'install_base': '/home/milo/project_parts/MILO-Mobile-Indoor-Localization-Observer-/ros2_ws/src/install/ping_pong', 'merge_install': False, 'path': '/home/milo/project_parts/MILO-Mobile-Indoor-Localization-Observer-/ros2_ws/src/ping_pong', 'symlink_install': False, 'test_result_base': None}
[4.161s] INFO:colcon.colcon_core.executor:Executing jobs using 'parallel' executor
[4.168s] DEBUG:colcon.colcon_parallel_executor.executor.parallel:run_until_complete
[4.170s] INFO:colcon.colcon_ros.task.ament_python.build:Building ROS package in '/home/milo/project_parts/MILO-Mobile-Indoor-Localization-Observer-/ros2_ws/src/ping_pong' with build type 'ament_python'
[4.172s] Level 1:colcon.colcon_core.shell:create_environment_hook('ping_pong', 'ament_prefix_path')
[4.193s] INFO:colcon.colcon_core.plugin_system:Skipping extension 'colcon_core.shell.bat': Not used on non-Windows systems
[4.195s] INFO:colcon.colcon_core.shell:Creating environment hook '/home/milo/project_parts/MILO-Mobile-Indoor-Localization-Observer-/ros2_ws/src/install/ping_pong/share/ping_pong/hook/ament_prefix_path.ps1'
[4.202s] INFO:colcon.colcon_core.shell:Creating environment descriptor '/home/milo/project_parts/MILO-Mobile-Indoor-Localization-Observer-/ros2_ws/src/install/ping_pong/share/ping_pong/hook/ament_prefix_path.dsv'
[4.207s] INFO:colcon.colcon_core.shell:Creating environment hook '/home/milo/project_parts/MILO-Mobile-Indoor-Localization-Observer-/ros2_ws/src/install/ping_pong/share/ping_pong/hook/ament_prefix_path.sh'
[4.215s] INFO:colcon.colcon_core.shell:Skip shell extension 'powershell' for command environment: Not usable outside of PowerShell
[4.216s] DEBUG:colcon.colcon_core.shell:Skip shell extension 'dsv' for command environment
[7.186s] INFO:colcon.colcon_core.task.python.build:Building Python package in '/home/milo/project_parts/MILO-Mobile-Indoor-Localization-Observer-/ros2_ws/src/ping_pong'
[7.188s] INFO:colcon.colcon_core.shell:Skip shell extension 'powershell' for command environment: Not usable outside of PowerShell
[7.189s] DEBUG:colcon.colcon_core.shell:Skip shell extension 'dsv' for command environment
[11.409s] DEBUG:colcon.colcon_core.event_handler.log_command:Invoking command in '/home/milo/project_parts/MILO-Mobile-Indoor-Localization-Observer-/ros2_ws/src/ping_pong': PYTHONPATH=/home/milo/project_parts/MILO-Mobile-Indoor-Localization-Observer-/ros2_ws/src/build/ping_pong/prefix_override:/usr/lib/python3/dist-packages/colcon_core/task/python/colcon_distutils_commands:/home/milo/project_parts/MILO-Mobile-Indoor-Localization-Observer-/ros2_ws/src/install/ping_pong/lib/python3.10/site-packages:${PYTHONPATH} /usr/bin/python3 -W ignore:setup.py install is deprecated -W ignore:easy_install command is deprecated setup.py egg_info --egg-base ../build/ping_pong build --build-base /home/milo/project_parts/MILO-Mobile-Indoor-Localization-Observer-/ros2_ws/src/build/ping_pong/build install --record /home/milo/project_parts/MILO-Mobile-Indoor-Localization-Observer-/ros2_ws/src/build/ping_pong/install.log --single-version-externally-managed install_data
[14.745s] DEBUG:colcon.colcon_core.event_handler.log_command:Invoked command in '/home/milo/project_parts/MILO-Mobile-Indoor-Localization-Observer-/ros2_ws/src/ping_pong' returned '0': PYTHONPATH=/home/milo/project_parts/MILO-Mobile-Indoor-Localization-Observer-/ros2_ws/src/build/ping_pong/prefix_override:/usr/lib/python3/dist-packages/colcon_core/task/python/colcon_distutils_commands:/home/milo/project_parts/MILO-Mobile-Indoor-Localization-Observer-/ros2_ws/src/install/ping_pong/lib/python3.10/site-packages:${PYTHONPATH} /usr/bin/python3 -W ignore:setup.py install is deprecated -W ignore:easy_install command is deprecated setup.py egg_info --egg-base ../build/ping_pong build --build-base /home/milo/project_parts/MILO-Mobile-Indoor-Localization-Observer-/ros2_ws/src/build/ping_pong/build install --record /home/milo/project_parts/MILO-Mobile-Indoor-Localization-Observer-/ros2_ws/src/build/ping_pong/install.log --single-version-externally-managed install_data
[14.770s] Level 1:colcon.colcon_core.environment:checking '/home/milo/project_parts/MILO-Mobile-Indoor-Localization-Observer-/ros2_ws/src/install/ping_pong' for CMake module files
[14.776s] Level 1:colcon.colcon_core.environment:checking '/home/milo/project_parts/MILO-Mobile-Indoor-Localization-Observer-/ros2_ws/src/install/ping_pong' for CMake config files
[14.785s] Level 1:colcon.colcon_core.environment:checking '/home/milo/project_parts/MILO-Mobile-Indoor-Localization-Observer-/ros2_ws/src/install/ping_pong/lib'
[14.787s] Level 1:colcon.colcon_core.environment:checking '/home/milo/project_parts/MILO-Mobile-Indoor-Localization-Observer-/ros2_ws/src/install/ping_pong/bin'
[14.788s] Level 1:colcon.colcon_core.environment:checking '/home/milo/project_parts/MILO-Mobile-Indoor-Localization-Observer-/ros2_ws/src/install/ping_pong/lib/pkgconfig/ping_pong.pc'
[14.790s] Level 1:colcon.colcon_core.environment:checking '/home/milo/project_parts/MILO-Mobile-Indoor-Localization-Observer-/ros2_ws/src/install/ping_pong/lib/python3.10/site-packages'
[14.791s] Level 1:colcon.colcon_core.shell:create_environment_hook('ping_pong', 'pythonpath')
[14.793s] INFO:colcon.colcon_core.shell:Creating environment hook '/home/milo/project_parts/MILO-Mobile-Indoor-Localization-Observer-/ros2_ws/src/install/ping_pong/share/ping_pong/hook/pythonpath.ps1'
[14.798s] INFO:colcon.colcon_core.shell:Creating environment descriptor '/home/milo/project_parts/MILO-Mobile-Indoor-Localization-Observer-/ros2_ws/src/install/ping_pong/share/ping_pong/hook/pythonpath.dsv'
[14.802s] INFO:colcon.colcon_core.shell:Creating environment hook '/home/milo/project_parts/MILO-Mobile-Indoor-Localization-Observer-/ros2_ws/src/install/ping_pong/share/ping_pong/hook/pythonpath.sh'
[14.811s] Level 1:colcon.colcon_core.environment:checking '/home/milo/project_parts/MILO-Mobile-Indoor-Localization-Observer-/ros2_ws/src/install/ping_pong/bin'
[14.812s] Level 1:colcon.colcon_core.environment:create_environment_scripts_only(ping_pong)
[14.815s] INFO:colcon.colcon_core.shell:Creating package script '/home/milo/project_parts/MILO-Mobile-Indoor-Localization-Observer-/ros2_ws/src/install/ping_pong/share/ping_pong/package.ps1'
[14.823s] INFO:colcon.colcon_core.shell:Creating package descriptor '/home/milo/project_parts/MILO-Mobile-Indoor-Localization-Observer-/ros2_ws/src/install/ping_pong/share/ping_pong/package.dsv'
[14.830s] INFO:colcon.colcon_core.shell:Creating package script '/home/milo/project_parts/MILO-Mobile-Indoor-Localization-Observer-/ros2_ws/src/install/ping_pong/share/ping_pong/package.sh'
[14.838s] INFO:colcon.colcon_core.shell:Creating package script '/home/milo/project_parts/MILO-Mobile-Indoor-Localization-Observer-/ros2_ws/src/install/ping_pong/share/ping_pong/package.bash'
[14.846s] INFO:colcon.colcon_core.shell:Creating package script '/home/milo/project_parts/MILO-Mobile-Indoor-Localization-Observer-/ros2_ws/src/install/ping_pong/share/ping_pong/package.zsh'
[14.855s] Level 1:colcon.colcon_core.environment:create_file_with_runtime_dependencies(/home/milo/project_parts/MILO-Mobile-Indoor-Localization-Observer-/ros2_ws/src/install/ping_pong/share/colcon-core/packages/ping_pong)
[14.858s] DEBUG:colcon.colcon_parallel_executor.executor.parallel:closing loop
[14.861s] DEBUG:colcon.colcon_parallel_executor.executor.parallel:loop closed
[14.862s] DEBUG:colcon.colcon_parallel_executor.executor.parallel:run_until_complete finished with '0'
[14.863s] DEBUG:colcon.colcon_core.event_reactor:joining thread
[14.907s] INFO:colcon.colcon_core.plugin_system:Skipping extension 'colcon_notification.desktop_notification.notify_send': Could not find 'notify-send'
[14.908s] INFO:colcon.colcon_core.plugin_system:Skipping extension 'colcon_notification.desktop_notification.terminal_notifier': Not used on non-Darwin systems
[14.909s] INFO:colcon.colcon_core.plugin_system:Skipping extension 'colcon_notification.desktop_notification.win32': Not used on non-Windows systems
[14.909s] INFO:colcon.colcon_notification.desktop_notification:Sending desktop notification using 'notify2'
[14.916s] DEBUG:colcon.colcon_notification.desktop_notification.notify2:Failed to initialize notify2: org.freedesktop.DBus.Error.ServiceUnknown: The name org.freedesktop.Notifications was not provided by any .service files
[14.917s] DEBUG:colcon.colcon_core.event_reactor:joined thread
[14.920s] INFO:colcon.colcon_core.shell:Creating prefix script '/home/milo/project_parts/MILO-Mobile-Indoor-Localization-Observer-/ros2_ws/src/install/local_setup.ps1'
[14.929s] INFO:colcon.colcon_core.shell:Creating prefix util module '/home/milo/project_parts/MILO-Mobile-Indoor-Localization-Observer-/ros2_ws/src/install/_local_setup_util_ps1.py'
[14.944s] INFO:colcon.colcon_core.shell:Creating prefix chain script '/home/milo/project_parts/MILO-Mobile-Indoor-Localization-Observer-/ros2_ws/src/install/setup.ps1'
[14.955s] INFO:colcon.colcon_core.shell:Creating prefix script '/home/milo/project_parts/MILO-Mobile-Indoor-Localization-Observer-/ros2_ws/src/install/local_setup.sh'
[14.962s] INFO:colcon.colcon_core.shell:Creating prefix util module '/home/milo/project_parts/MILO-Mobile-Indoor-Localization-Observer-/ros2_ws/src/install/_local_setup_util_sh.py'
[14.969s] INFO:colcon.colcon_core.shell:Creating prefix chain script '/home/milo/project_parts/MILO-Mobile-Indoor-Localization-Observer-/ros2_ws/src/install/setup.sh'
[14.980s] INFO:colcon.colcon_core.shell:Creating prefix script '/home/milo/project_parts/MILO-Mobile-Indoor-Localization-Observer-/ros2_ws/src/install/local_setup.bash'
[14.986s] INFO:colcon.colcon_core.shell:Creating prefix chain script '/home/milo/project_parts/MILO-Mobile-Indoor-Localization-Observer-/ros2_ws/src/install/setup.bash'
[14.996s] INFO:colcon.colcon_core.shell:Creating prefix script '/home/milo/project_parts/MILO-Mobile-Indoor-Localization-Observer-/ros2_ws/src/install/local_setup.zsh'
[15.002s] INFO:colcon.colcon_core.shell:Creating prefix chain script '/home/milo/project_parts/MILO-Mobile-Indoor-Localization-Observer-/ros2_ws/src/install/setup.zsh'
