[7.000s] Invoking command in '/home/milo/project_parts/MILO-Mobile-Indoor-Localization-Observer-/ros2_ws/src/ping_pong': PYTHONPATH=/home/milo/project_parts/MILO-Mobile-Indoor-Localization-Observer-/ros2_ws/src/build/ping_pong/prefix_override:/usr/lib/python3/dist-packages/colcon_core/task/python/colcon_distutils_commands:/home/milo/project_parts/MILO-Mobile-Indoor-Localization-Observer-/ros2_ws/src/install/ping_pong/lib/python3.10/site-packages:${PYTHONPATH} /usr/bin/python3 -W ignore:setup.py install is deprecated -W ignore:easy_install command is deprecated setup.py egg_info --egg-base ../build/ping_pong build --build-base /home/milo/project_parts/MILO-Mobile-Indoor-Localization-Observer-/ros2_ws/src/build/ping_pong/build install --record /home/milo/project_parts/MILO-Mobile-Indoor-Localization-Observer-/ros2_ws/src/build/ping_pong/install.log --single-version-externally-managed install_data
[9.775s] running egg_info
[9.782s] writing ../build/ping_pong/ping_pong.egg-info/PKG-INFO
[9.784s] writing dependency_links to ../build/ping_pong/ping_pong.egg-info/dependency_links.txt
[9.786s] writing entry points to ../build/ping_pong/ping_pong.egg-info/entry_points.txt
[9.791s] writing requirements to ../build/ping_pong/ping_pong.egg-info/requires.txt
[9.792s] writing top-level names to ../build/ping_pong/ping_pong.egg-info/top_level.txt
[9.810s] reading manifest file '../build/ping_pong/ping_pong.egg-info/SOURCES.txt'
[9.820s] writing manifest file '../build/ping_pong/ping_pong.egg-info/SOURCES.txt'
[9.821s] running build
[9.823s] running build_py
[9.824s] copying ping_pong/dt_control.py -> /home/milo/project_parts/MILO-Mobile-Indoor-Localization-Observer-/ros2_ws/src/build/ping_pong/build/lib/ping_pong
[9.827s] copying ping_pong/main_control.py -> /home/milo/project_parts/MILO-Mobile-Indoor-Localization-Observer-/ros2_ws/src/build/ping_pong/build/lib/ping_pong
[9.830s] running install
[9.833s] running install_lib
[9.841s] copying /home/milo/project_parts/MILO-Mobile-Indoor-Localization-Observer-/ros2_ws/src/build/ping_pong/build/lib/ping_pong/dt_control.py -> /home/milo/project_parts/MILO-Mobile-Indoor-Localization-Observer-/ros2_ws/src/install/ping_pong/lib/python3.10/site-packages/ping_pong
[9.844s] copying /home/milo/project_parts/MILO-Mobile-Indoor-Localization-Observer-/ros2_ws/src/build/ping_pong/build/lib/ping_pong/main_control.py -> /home/milo/project_parts/MILO-Mobile-Indoor-Localization-Observer-/ros2_ws/src/install/ping_pong/lib/python3.10/site-packages/ping_pong
[9.850s] byte-compiling /home/milo/project_parts/MILO-Mobile-Indoor-Localization-Observer-/ros2_ws/src/install/ping_pong/lib/python3.10/site-packages/ping_pong/dt_control.py to dt_control.cpython-310.pyc
[9.856s] byte-compiling /home/milo/project_parts/MILO-Mobile-Indoor-Localization-Observer-/ros2_ws/src/install/ping_pong/lib/python3.10/site-packages/ping_pong/main_control.py to main_control.cpython-310.pyc
[9.861s] running install_data
[9.863s] running install_egg_info
[9.880s] removing '/home/milo/project_parts/MILO-Mobile-Indoor-Localization-Observer-/ros2_ws/src/install/ping_pong/lib/python3.10/site-packages/ping_pong-0.0.0-py3.10.egg-info' (and everything under it)
[9.884s] Copying ../build/ping_pong/ping_pong.egg-info to /home/milo/project_parts/MILO-Mobile-Indoor-Localization-Observer-/ros2_ws/src/install/ping_pong/lib/python3.10/site-packages/ping_pong-0.0.0-py3.10.egg-info
[9.897s] running install_scripts
[10.083s] Installing dt_control script to /home/milo/project_parts/MILO-Mobile-Indoor-Localization-Observer-/ros2_ws/src/install/ping_pong/lib/ping_pong
[10.085s] Installing main_control script to /home/milo/project_parts/MILO-Mobile-Indoor-Localization-Observer-/ros2_ws/src/install/ping_pong/lib/ping_pong
[10.089s] writing list of installed files to '/home/milo/project_parts/MILO-Mobile-Indoor-Localization-Observer-/ros2_ws/src/build/ping_pong/install.log'
[10.348s] Invoked command in '/home/milo/project_parts/MILO-Mobile-Indoor-Localization-Observer-/ros2_ws/src/ping_pong' returned '0': PYTHONPATH=/home/milo/project_parts/MILO-Mobile-Indoor-Localization-Observer-/ros2_ws/src/build/ping_pong/prefix_override:/usr/lib/python3/dist-packages/colcon_core/task/python/colcon_distutils_commands:/home/milo/project_parts/MILO-Mobile-Indoor-Localization-Observer-/ros2_ws/src/install/ping_pong/lib/python3.10/site-packages:${PYTHONPATH} /usr/bin/python3 -W ignore:setup.py install is deprecated -W ignore:easy_install command is deprecated setup.py egg_info --egg-base ../build/ping_pong build --build-base /home/milo/project_parts/MILO-Mobile-Indoor-Localization-Observer-/ros2_ws/src/build/ping_pong/build install --record /home/milo/project_parts/MILO-Mobile-Indoor-Localization-Observer-/ros2_ws/src/build/ping_pong/install.log --single-version-externally-managed install_data
