running egg_info
writing ../build/ping_pong/ping_pong.egg-info/PKG-INFO
writing dependency_links to ../build/ping_pong/ping_pong.egg-info/dependency_links.txt
writing entry points to ../build/ping_pong/ping_pong.egg-info/entry_points.txt
writing requirements to ../build/ping_pong/ping_pong.egg-info/requires.txt
writing top-level names to ../build/ping_pong/ping_pong.egg-info/top_level.txt
reading manifest file '../build/ping_pong/ping_pong.egg-info/SOURCES.txt'
writing manifest file '../build/ping_pong/ping_pong.egg-info/SOURCES.txt'
running build
running build_py
copying ping_pong/dt_control.py -> /home/milo/project_parts/MILO-Mobile-Indoor-Localization-Observer-/ros2_ws/src/build/ping_pong/build/lib/ping_pong
copying ping_pong/main_control.py -> /home/milo/project_parts/MILO-Mobile-Indoor-Localization-Observer-/ros2_ws/src/build/ping_pong/build/lib/ping_pong
running install
running install_lib
copying /home/milo/project_parts/MILO-Mobile-Indoor-Localization-Observer-/ros2_ws/src/build/ping_pong/build/lib/ping_pong/dt_control.py -> /home/milo/project_parts/MILO-Mobile-Indoor-Localization-Observer-/ros2_ws/src/install/ping_pong/lib/python3.10/site-packages/ping_pong
copying /home/milo/project_parts/MILO-Mobile-Indoor-Localization-Observer-/ros2_ws/src/build/ping_pong/build/lib/ping_pong/main_control.py -> /home/milo/project_parts/MILO-Mobile-Indoor-Localization-Observer-/ros2_ws/src/install/ping_pong/lib/python3.10/site-packages/ping_pong
byte-compiling /home/milo/project_parts/MILO-Mobile-Indoor-Localization-Observer-/ros2_ws/src/install/ping_pong/lib/python3.10/site-packages/ping_pong/dt_control.py to dt_control.cpython-310.pyc
byte-compiling /home/milo/project_parts/MILO-Mobile-Indoor-Localization-Observer-/ros2_ws/src/install/ping_pong/lib/python3.10/site-packages/ping_pong/main_control.py to main_control.cpython-310.pyc
running install_data
running install_egg_info
removing '/home/milo/project_parts/MILO-Mobile-Indoor-Localization-Observer-/ros2_ws/src/install/ping_pong/lib/python3.10/site-packages/ping_pong-0.0.0-py3.10.egg-info' (and everything under it)
Copying ../build/ping_pong/ping_pong.egg-info to /home/milo/project_parts/MILO-Mobile-Indoor-Localization-Observer-/ros2_ws/src/install/ping_pong/lib/python3.10/site-packages/ping_pong-0.0.0-py3.10.egg-info
running install_scripts
Installing dt_control script to /home/milo/project_parts/MILO-Mobile-Indoor-Localization-Observer-/ros2_ws/src/install/ping_pong/lib/ping_pong
Installing main_control script to /home/milo/project_parts/MILO-Mobile-Indoor-Localization-Observer-/ros2_ws/src/install/ping_pong/lib/ping_pong
writing list of installed files to '/home/milo/project_parts/MILO-Mobile-Indoor-Localization-Observer-/ros2_ws/src/build/ping_pong/install.log'
