[7.235s] Invoking command in '/home/milo/project_parts/MILO-Mobile-Indoor-Localization-Observer-/ros2_ws/src/ping_pong': PYTHONPATH=/home/milo/project_parts/MILO-Mobile-Indoor-Localization-Observer-/ros2_ws/src/build/ping_pong/prefix_override:/usr/lib/python3/dist-packages/colcon_core/task/python/colcon_distutils_commands:/home/milo/project_parts/MILO-Mobile-Indoor-Localization-Observer-/ros2_ws/src/install/ping_pong/lib/python3.10/site-packages:${PYTHONPATH} /usr/bin/python3 -W ignore:setup.py install is deprecated -W ignore:easy_install command is deprecated setup.py egg_info --egg-base ../build/ping_pong build --build-base /home/milo/project_parts/MILO-Mobile-Indoor-Localization-Observer-/ros2_ws/src/build/ping_pong/build install --record /home/milo/project_parts/MILO-Mobile-Indoor-Localization-Observer-/ros2_ws/src/build/ping_pong/install.log --single-version-externally-managed install_data
[9.995s] running egg_info
[10.001s] writing ../build/ping_pong/ping_pong.egg-info/PKG-INFO
[10.003s] writing dependency_links to ../build/ping_pong/ping_pong.egg-info/dependency_links.txt
[10.006s] writing entry points to ../build/ping_pong/ping_pong.egg-info/entry_points.txt
[10.008s] writing requirements to ../build/ping_pong/ping_pong.egg-info/requires.txt
[10.010s] writing top-level names to ../build/ping_pong/ping_pong.egg-info/top_level.txt
[10.029s] reading manifest file '../build/ping_pong/ping_pong.egg-info/SOURCES.txt'
[10.039s] writing manifest file '../build/ping_pong/ping_pong.egg-info/SOURCES.txt'
[10.041s] running build
[10.042s] running build_py
[10.043s] copying ping_pong/dt_control.py -> /home/milo/project_parts/MILO-Mobile-Indoor-Localization-Observer-/ros2_ws/src/build/ping_pong/build/lib/ping_pong
[10.046s] copying ping_pong/main_control.py -> /home/milo/project_parts/MILO-Mobile-Indoor-Localization-Observer-/ros2_ws/src/build/ping_pong/build/lib/ping_pong
[10.049s] running install
[10.053s] running install_lib
[10.060s] copying /home/milo/project_parts/MILO-Mobile-Indoor-Localization-Observer-/ros2_ws/src/build/ping_pong/build/lib/ping_pong/dt_control.py -> /home/milo/project_parts/MILO-Mobile-Indoor-Localization-Observer-/ros2_ws/src/install/ping_pong/lib/python3.10/site-packages/ping_pong
[10.063s] copying /home/milo/project_parts/MILO-Mobile-Indoor-Localization-Observer-/ros2_ws/src/build/ping_pong/build/lib/ping_pong/main_control.py -> /home/milo/project_parts/MILO-Mobile-Indoor-Localization-Observer-/ros2_ws/src/install/ping_pong/lib/python3.10/site-packages/ping_pong
[10.069s] byte-compiling /home/milo/project_parts/MILO-Mobile-Indoor-Localization-Observer-/ros2_ws/src/install/ping_pong/lib/python3.10/site-packages/ping_pong/dt_control.py to dt_control.cpython-310.pyc
[10.076s] byte-compiling /home/milo/project_parts/MILO-Mobile-Indoor-Localization-Observer-/ros2_ws/src/install/ping_pong/lib/python3.10/site-packages/ping_pong/main_control.py to main_control.cpython-310.pyc
[10.081s] running install_data
[10.083s] running install_egg_info
[10.099s] removing '/home/milo/project_parts/MILO-Mobile-Indoor-Localization-Observer-/ros2_ws/src/install/ping_pong/lib/python3.10/site-packages/ping_pong-0.0.0-py3.10.egg-info' (and everything under it)
[10.103s] Copying ../build/ping_pong/ping_pong.egg-info to /home/milo/project_parts/MILO-Mobile-Indoor-Localization-Observer-/ros2_ws/src/install/ping_pong/lib/python3.10/site-packages/ping_pong-0.0.0-py3.10.egg-info
[10.117s] running install_scripts
[10.305s] Installing dt_control script to /home/milo/project_parts/MILO-Mobile-Indoor-Localization-Observer-/ros2_ws/src/install/ping_pong/lib/ping_pong
[10.307s] Installing main_control script to /home/milo/project_parts/MILO-Mobile-Indoor-Localization-Observer-/ros2_ws/src/install/ping_pong/lib/ping_pong
[10.311s] writing list of installed files to '/home/milo/project_parts/MILO-Mobile-Indoor-Localization-Observer-/ros2_ws/src/build/ping_pong/install.log'
[10.570s] Invoked command in '/home/milo/project_parts/MILO-Mobile-Indoor-Localization-Observer-/ros2_ws/src/ping_pong' returned '0': PYTHONPATH=/home/milo/project_parts/MILO-Mobile-Indoor-Localization-Observer-/ros2_ws/src/build/ping_pong/prefix_override:/usr/lib/python3/dist-packages/colcon_core/task/python/colcon_distutils_commands:/home/milo/project_parts/MILO-Mobile-Indoor-Localization-Observer-/ros2_ws/src/install/ping_pong/lib/python3.10/site-packages:${PYTHONPATH} /usr/bin/python3 -W ignore:setup.py install is deprecated -W ignore:easy_install command is deprecated setup.py egg_info --egg-base ../build/ping_pong build --build-base /home/milo/project_parts/MILO-Mobile-Indoor-Localization-Observer-/ros2_ws/src/build/ping_pong/build install --record /home/milo/project_parts/MILO-Mobile-Indoor-Localization-Observer-/ros2_ws/src/build/ping_pong/install.log --single-version-externally-managed install_data
