[1.499s] DEBUG:colcon:Command line arguments: ['/usr/bin/colcon', 'build']
[1.500s] DEBUG:colcon:Parsed command line arguments: Namespace(log_base=None, log_level=None, verb_name='build', build_base='build', install_base='install', merge_install=False, symlink_install=False, test_result_base=None, continue_on_error=False, executor='parallel', parallel_workers=4, event_handlers=None, ignore_user_meta=False, metas=['./colcon.meta'], base_paths=['.'], packages_ignore=None, packages_ignore_regex=None, paths=None, packages_up_to=None, packages_up_to_regex=None, packages_above=None, packages_above_and_dependencies=None, packages_above_depth=None, packages_select_by_dep=None, packages_skip_by_dep=None, packages_skip_up_to=None, packages_select_build_failed=False, packages_skip_build_finished=False, packages_select_test_failures=False, packages_skip_test_passed=False, packages_select=None, packages_skip=None, packages_select_regex=None, packages_skip_regex=None, packages_start=None, packages_end=None, allow_overriding=[], cmake_args=None, cmake_target=None, cmake_target_skip_unavailable=False, cmake_clean_cache=False, cmake_clean_first=False, cmake_force_configure=False, ament_cmake_args=None, catkin_cmake_args=None, catkin_skip_building_tests=False, verb_parser=<colcon_defaults.argument_parser.defaults.DefaultArgumentsDecorator object at 0xffff8bee3040>, verb_extension=<colcon_core.verb.build.BuildVerb object at 0xffff8c01c3d0>, main=<bound method BuildVerb.main of <colcon_core.verb.build.BuildVerb object at 0xffff8c01c3d0>>)
[3.769s] Level 1:colcon.colcon_core.package_discovery:discover_packages(colcon_meta) check parameters
[3.770s] Level 1:colcon.colcon_core.package_discovery:discover_packages(recursive) check parameters
[3.771s] Level 1:colcon.colcon_core.package_discovery:discover_packages(ignore) check parameters
[3.771s] Level 1:colcon.colcon_core.package_discovery:discover_packages(path) check parameters
[3.772s] Level 1:colcon.colcon_core.package_discovery:discover_packages(colcon_meta) discover
[3.772s] Level 1:colcon.colcon_core.package_discovery:discover_packages(recursive) discover
[3.773s] INFO:colcon.colcon_core.package_discovery:Crawling recursively for packages in '/home/milo/ros2_ws'
[3.774s] Level 1:colcon.colcon_core.package_identification:_identify(.) by extensions ['ignore', 'ignore_ament_install']
[3.775s] Level 1:colcon.colcon_core.package_identification:_identify(.) by extension 'ignore'
[3.776s] Level 1:colcon.colcon_core.package_identification:_identify(.) by extension 'ignore_ament_install'
[3.776s] Level 1:colcon.colcon_core.package_identification:_identify(.) by extensions ['colcon_pkg']
[3.777s] Level 1:colcon.colcon_core.package_identification:_identify(.) by extension 'colcon_pkg'
[3.777s] Level 1:colcon.colcon_core.package_identification:_identify(.) by extensions ['colcon_meta']
[3.778s] Level 1:colcon.colcon_core.package_identification:_identify(.) by extension 'colcon_meta'
[3.778s] Level 1:colcon.colcon_core.package_identification:_identify(.) by extensions ['ros']
[3.779s] Level 1:colcon.colcon_core.package_identification:_identify(.) by extension 'ros'
[3.918s] Level 1:colcon.colcon_core.package_identification:_identify(.) by extensions ['cmake', 'python']
[3.919s] Level 1:colcon.colcon_core.package_identification:_identify(.) by extension 'cmake'
[3.919s] Level 1:colcon.colcon_core.package_identification:_identify(.) by extension 'python'
[3.920s] Level 1:colcon.colcon_core.package_identification:_identify(.) by extensions ['python_setup_py']
[3.920s] Level 1:colcon.colcon_core.package_identification:_identify(.) by extension 'python_setup_py'
[3.921s] Level 1:colcon.colcon_core.package_identification:_identify(build) by extensions ['ignore', 'ignore_ament_install']
[3.922s] Level 1:colcon.colcon_core.package_identification:_identify(build) by extension 'ignore'
[3.922s] Level 1:colcon.colcon_core.package_identification:_identify(build) ignored
[3.924s] Level 1:colcon.colcon_core.package_identification:_identify(install) by extensions ['ignore', 'ignore_ament_install']
[3.924s] Level 1:colcon.colcon_core.package_identification:_identify(install) by extension 'ignore'
[3.925s] Level 1:colcon.colcon_core.package_identification:_identify(install) ignored
[3.926s] Level 1:colcon.colcon_core.package_identification:_identify(log) by extensions ['ignore', 'ignore_ament_install']
[3.927s] Level 1:colcon.colcon_core.package_identification:_identify(log) by extension 'ignore'
[3.927s] Level 1:colcon.colcon_core.package_identification:_identify(log) ignored
[3.928s] Level 1:colcon.colcon_core.package_identification:_identify(src) by extensions ['ignore', 'ignore_ament_install']
[3.929s] Level 1:colcon.colcon_core.package_identification:_identify(src) by extension 'ignore'
[3.929s] Level 1:colcon.colcon_core.package_identification:_identify(src) by extension 'ignore_ament_install'
[3.930s] Level 1:colcon.colcon_core.package_identification:_identify(src) by extensions ['colcon_pkg']
[3.931s] Level 1:colcon.colcon_core.package_identification:_identify(src) by extension 'colcon_pkg'
[3.931s] Level 1:colcon.colcon_core.package_identification:_identify(src) by extensions ['colcon_meta']
[3.931s] Level 1:colcon.colcon_core.package_identification:_identify(src) by extension 'colcon_meta'
[3.932s] Level 1:colcon.colcon_core.package_identification:_identify(src) by extensions ['ros']
[3.932s] Level 1:colcon.colcon_core.package_identification:_identify(src) by extension 'ros'
[3.933s] Level 1:colcon.colcon_core.package_identification:_identify(src) by extensions ['cmake', 'python']
[3.933s] Level 1:colcon.colcon_core.package_identification:_identify(src) by extension 'cmake'
[3.934s] Level 1:colcon.colcon_core.package_identification:_identify(src) by extension 'python'
[3.934s] Level 1:colcon.colcon_core.package_identification:_identify(src) by extensions ['python_setup_py']
[3.935s] Level 1:colcon.colcon_core.package_identification:_identify(src) by extension 'python_setup_py'
[3.935s] Level 1:colcon.colcon_core.package_discovery:discover_packages(recursive) using defaults
[3.936s] Level 1:colcon.colcon_core.package_discovery:discover_packages(ignore) discover
[3.936s] Level 1:colcon.colcon_core.package_discovery:discover_packages(ignore) using defaults
[3.936s] Level 1:colcon.colcon_core.package_discovery:discover_packages(path) discover
[3.936s] Level 1:colcon.colcon_core.package_discovery:discover_packages(path) using defaults
[4.282s] Level 1:colcon.colcon_core.package_discovery:discover_packages(prefix_path) check parameters
[4.283s] Level 1:colcon.colcon_core.package_discovery:discover_packages(prefix_path) discover
[4.329s] DEBUG:colcon.colcon_installed_package_information.package_discovery:Found 271 installed packages in /opt/ros/humble
[4.344s] Level 1:colcon.colcon_core.package_discovery:discover_packages(prefix_path) using defaults
[4.910s] INFO:colcon.colcon_core.executor:Executing jobs using 'parallel' executor
[4.917s] DEBUG:colcon.colcon_parallel_executor.executor.parallel:run_until_complete
[4.918s] DEBUG:colcon.colcon_parallel_executor.executor.parallel:closing loop
[4.919s] DEBUG:colcon.colcon_parallel_executor.executor.parallel:loop closed
[4.920s] DEBUG:colcon.colcon_parallel_executor.executor.parallel:run_until_complete finished with '0'
[4.921s] DEBUG:colcon.colcon_core.event_reactor:joining thread
[5.004s] INFO:colcon.colcon_core.plugin_system:Skipping extension 'colcon_notification.desktop_notification.notify_send': Could not find 'notify-send'
[5.005s] INFO:colcon.colcon_core.plugin_system:Skipping extension 'colcon_notification.desktop_notification.terminal_notifier': Not used on non-Darwin systems
[5.007s] INFO:colcon.colcon_core.plugin_system:Skipping extension 'colcon_notification.desktop_notification.win32': Not used on non-Windows systems
[5.007s] INFO:colcon.colcon_notification.desktop_notification:Sending desktop notification using 'notify2'
[5.234s] DEBUG:colcon.colcon_notification.desktop_notification.notify2:Failed to initialize notify2: org.freedesktop.DBus.Error.ServiceUnknown: The name org.freedesktop.Notifications was not provided by any .service files
[5.235s] DEBUG:colcon.colcon_core.event_reactor:joined thread
[5.285s] INFO:colcon.colcon_core.plugin_system:Skipping extension 'colcon_core.shell.bat': Not used on non-Windows systems
[5.287s] INFO:colcon.colcon_core.shell:Creating prefix script '/home/milo/ros2_ws/install/local_setup.ps1'
[5.298s] INFO:colcon.colcon_core.shell:Creating prefix util module '/home/milo/ros2_ws/install/_local_setup_util_ps1.py'
[5.314s] INFO:colcon.colcon_core.shell:Creating prefix chain script '/home/milo/ros2_ws/install/setup.ps1'
[5.324s] INFO:colcon.colcon_core.shell:Creating prefix script '/home/milo/ros2_ws/install/local_setup.sh'
[5.332s] INFO:colcon.colcon_core.shell:Creating prefix util module '/home/milo/ros2_ws/install/_local_setup_util_sh.py'
[5.337s] INFO:colcon.colcon_core.shell:Creating prefix chain script '/home/milo/ros2_ws/install/setup.sh'
[5.348s] INFO:colcon.colcon_core.shell:Creating prefix script '/home/milo/ros2_ws/install/local_setup.bash'
[5.354s] INFO:colcon.colcon_core.shell:Creating prefix chain script '/home/milo/ros2_ws/install/setup.bash'
[5.364s] INFO:colcon.colcon_core.shell:Creating prefix script '/home/milo/ros2_ws/install/local_setup.zsh'
[5.371s] INFO:colcon.colcon_core.shell:Creating prefix chain script '/home/milo/ros2_ws/install/setup.zsh'
